<?xml version="1.0" encoding="UTF-8"?>
<testng-results ignored="0" total="8" passed="8" failed="0" skipped="0">
  <reporter-output>
  </reporter-output>
  <suite started-at="2022-02-14T09:50:09 IST" name="Suite" finished-at="2022-02-14T09:50:57 IST" duration-ms="48056">
    <groups>
    </groups>
    <test started-at="2022-02-14T09:50:09 IST" name="ChromeTest" finished-at="2022-02-14T09:50:34 IST" duration-ms="24484">
      <class name="TestPack.testNgClass2">
        <test-method is-config="true" signature="launchTheBrowser(java.lang.String)[pri:0, instance:TestPack.testNgClass2@28f3b248]" started-at="2022-02-14T09:50:12 IST" name="launchTheBrowser" finished-at="2022-02-14T09:50:15 IST" duration-ms="3019" status="PASS">
          <params>
            <param index="0">
              <value>
                <![CDATA[chrome]]>
              </value>
            </param>
          </params>
          <reporter-output>
          </reporter-output>
        </test-method> <!-- launchTheBrowser -->
        <test-method is-config="true" signature="createPomObjects()[pri:0, instance:TestPack.testNgClass2@28f3b248]" started-at="2022-02-14T09:50:27 IST" name="createPomObjects" finished-at="2022-02-14T09:50:27 IST" duration-ms="1" status="PASS">
          <reporter-output>
          </reporter-output>
        </test-method> <!-- createPomObjects -->
        <test-method is-config="true" signature="openTheURL()[pri:0, instance:TestPack.testNgClass2@28f3b248]" started-at="2022-02-14T09:50:27 IST" name="openTheURL" finished-at="2022-02-14T09:50:28 IST" duration-ms="858" status="PASS">
          <reporter-output>
          </reporter-output>
        </test-method> <!-- openTheURL -->
        <test-method signature="toVerifyTaskUsers()[pri:0, instance:TestPack.testNgClass2@28f3b248]" started-at="2022-02-14T09:50:28 IST" name="toVerifyTaskUsers" finished-at="2022-02-14T09:50:31 IST" duration-ms="3731" status="PASS">
          <reporter-output>
          </reporter-output>
        </test-method> <!-- toVerifyTaskUsers -->
        <test-method is-config="true" signature="logOutFromApplication()[pri:0, instance:TestPack.testNgClass2@28f3b248]" started-at="2022-02-14T09:50:31 IST" name="logOutFromApplication" finished-at="2022-02-14T09:50:32 IST" duration-ms="169" status="PASS">
          <reporter-output>
          </reporter-output>
        </test-method> <!-- logOutFromApplication -->
        <test-method is-config="true" signature="openTheURL()[pri:0, instance:TestPack.testNgClass2@28f3b248]" started-at="2022-02-14T09:50:32 IST" name="openTheURL" finished-at="2022-02-14T09:50:32 IST" duration-ms="248" status="PASS">
          <reporter-output>
          </reporter-output>
        </test-method> <!-- openTheURL -->
        <test-method signature="toVerifyWorkScheduled()[pri:0, instance:TestPack.testNgClass2@28f3b248]" started-at="2022-02-14T09:50:32 IST" name="toVerifyWorkScheduled" finished-at="2022-02-14T09:50:32 IST" duration-ms="507" status="PASS">
          <reporter-output>
          </reporter-output>
        </test-method> <!-- toVerifyWorkScheduled -->
        <test-method is-config="true" signature="logOutFromApplication()[pri:0, instance:TestPack.testNgClass2@28f3b248]" started-at="2022-02-14T09:50:32 IST" name="logOutFromApplication" finished-at="2022-02-14T09:50:32 IST" duration-ms="118" status="PASS">
          <reporter-output>
          </reporter-output>
        </test-method> <!-- logOutFromApplication -->
        <test-method is-config="true" signature="clearPomObjects()[pri:0, instance:TestPack.testNgClass2@28f3b248]" started-at="2022-02-14T09:50:32 IST" name="clearPomObjects" finished-at="2022-02-14T09:50:32 IST" duration-ms="0" status="PASS">
          <reporter-output>
          </reporter-output>
        </test-method> <!-- clearPomObjects -->
        <test-method is-config="true" signature="closeTheBrowser()[pri:0, instance:TestPack.testNgClass2@28f3b248]" started-at="2022-02-14T09:50:33 IST" name="closeTheBrowser" finished-at="2022-02-14T09:50:34 IST" duration-ms="409" status="PASS">
          <reporter-output>
          </reporter-output>
        </test-method> <!-- closeTheBrowser -->
      </class> <!-- TestPack.testNgClass2 -->
      <class name="TestPack.testNgClass1">
        <test-method is-config="true" signature="launchTheBrowser(java.lang.String)[pri:0, instance:TestPack.testNgClass1@10d307f1]" started-at="2022-02-14T09:50:09 IST" name="launchTheBrowser" finished-at="2022-02-14T09:50:12 IST" duration-ms="3230" status="PASS">
          <params>
            <param index="0">
              <value>
                <![CDATA[chrome]]>
              </value>
            </param>
          </params>
          <reporter-output>
          </reporter-output>
        </test-method> <!-- launchTheBrowser -->
        <test-method is-config="true" signature="createPOMobjects()[pri:0, instance:TestPack.testNgClass1@10d307f1]" started-at="2022-02-14T09:50:16 IST" name="createPOMobjects" finished-at="2022-02-14T09:50:16 IST" duration-ms="178" status="PASS">
          <reporter-output>
          </reporter-output>
        </test-method> <!-- createPOMobjects -->
        <test-method is-config="true" signature="openTheURL()[pri:0, instance:TestPack.testNgClass1@10d307f1]" started-at="2022-02-14T09:50:16 IST" name="openTheURL" finished-at="2022-02-14T09:50:21 IST" duration-ms="5148" status="PASS">
          <reporter-output>
          </reporter-output>
        </test-method> <!-- openTheURL -->
        <test-method signature="toVerifyReportsButton()[pri:0, instance:TestPack.testNgClass1@10d307f1]" started-at="2022-02-14T09:50:21 IST" name="toVerifyReportsButton" finished-at="2022-02-14T09:50:25 IST" duration-ms="4435" status="PASS">
          <reporter-output>
          </reporter-output>
        </test-method> <!-- toVerifyReportsButton -->
        <test-method is-config="true" signature="logOutFromApplication()[pri:0, instance:TestPack.testNgClass1@10d307f1]" started-at="2022-02-14T09:50:25 IST" name="logOutFromApplication" finished-at="2022-02-14T09:50:25 IST" duration-ms="103" status="PASS">
          <reporter-output>
          </reporter-output>
        </test-method> <!-- logOutFromApplication -->
        <test-method is-config="true" signature="openTheURL()[pri:0, instance:TestPack.testNgClass1@10d307f1]" started-at="2022-02-14T09:50:25 IST" name="openTheURL" finished-at="2022-02-14T09:50:26 IST" duration-ms="286" status="PASS">
          <reporter-output>
          </reporter-output>
        </test-method> <!-- openTheURL -->
        <test-method signature="toVerifyTaskButton()[pri:0, instance:TestPack.testNgClass1@10d307f1]" started-at="2022-02-14T09:50:26 IST" name="toVerifyTaskButton" finished-at="2022-02-14T09:50:27 IST" duration-ms="1055" status="PASS">
          <reporter-output>
          </reporter-output>
        </test-method> <!-- toVerifyTaskButton -->
        <test-method is-config="true" signature="logOutFromApplication()[pri:0, instance:TestPack.testNgClass1@10d307f1]" started-at="2022-02-14T09:50:27 IST" name="logOutFromApplication" finished-at="2022-02-14T09:50:27 IST" duration-ms="106" status="PASS">
          <reporter-output>
          </reporter-output>
        </test-method> <!-- logOutFromApplication -->
        <test-method is-config="true" signature="clearPomObject()[pri:0, instance:TestPack.testNgClass1@10d307f1]" started-at="2022-02-14T09:50:27 IST" name="clearPomObject" finished-at="2022-02-14T09:50:27 IST" duration-ms="1" status="PASS">
          <reporter-output>
          </reporter-output>
        </test-method> <!-- clearPomObject -->
        <test-method is-config="true" signature="closeTheBrowser()[pri:0, instance:TestPack.testNgClass1@10d307f1]" started-at="2022-02-14T09:50:32 IST" name="closeTheBrowser" finished-at="2022-02-14T09:50:33 IST" duration-ms="840" status="PASS">
          <reporter-output>
          </reporter-output>
        </test-method> <!-- closeTheBrowser -->
      </class> <!-- TestPack.testNgClass1 -->
    </test> <!-- ChromeTest -->
    <test started-at="2022-02-14T09:50:34 IST" name="EdgeTest" finished-at="2022-02-14T09:50:57 IST" duration-ms="23348">
      <class name="TestPack.testNgClass2">
        <test-method is-config="true" signature="launchTheBrowser(java.lang.String)[pri:0, instance:TestPack.testNgClass2@52af26ee]" started-at="2022-02-14T09:50:35 IST" name="launchTheBrowser" finished-at="2022-02-14T09:50:39 IST" duration-ms="4248" status="PASS">
          <params>
            <param index="0">
              <value>
                <![CDATA[microsoft]]>
              </value>
            </param>
          </params>
          <reporter-output>
          </reporter-output>
        </test-method> <!-- launchTheBrowser -->
        <test-method is-config="true" signature="createPomObjects()[pri:0, instance:TestPack.testNgClass2@52af26ee]" started-at="2022-02-14T09:50:50 IST" name="createPomObjects" finished-at="2022-02-14T09:50:50 IST" duration-ms="0" status="PASS">
          <reporter-output>
          </reporter-output>
        </test-method> <!-- createPomObjects -->
        <test-method is-config="true" signature="openTheURL()[pri:0, instance:TestPack.testNgClass2@52af26ee]" started-at="2022-02-14T09:50:50 IST" name="openTheURL" finished-at="2022-02-14T09:50:50 IST" duration-ms="741" status="PASS">
          <reporter-output>
          </reporter-output>
        </test-method> <!-- openTheURL -->
        <test-method signature="toVerifyTaskUsers()[pri:0, instance:TestPack.testNgClass2@52af26ee]" started-at="2022-02-14T09:50:50 IST" name="toVerifyTaskUsers" finished-at="2022-02-14T09:50:55 IST" duration-ms="4949" status="PASS">
          <reporter-output>
          </reporter-output>
        </test-method> <!-- toVerifyTaskUsers -->
        <test-method is-config="true" signature="logOutFromApplication()[pri:0, instance:TestPack.testNgClass2@52af26ee]" started-at="2022-02-14T09:50:55 IST" name="logOutFromApplication" finished-at="2022-02-14T09:50:56 IST" duration-ms="112" status="PASS">
          <reporter-output>
          </reporter-output>
        </test-method> <!-- logOutFromApplication -->
        <test-method is-config="true" signature="openTheURL()[pri:0, instance:TestPack.testNgClass2@52af26ee]" started-at="2022-02-14T09:50:56 IST" name="openTheURL" finished-at="2022-02-14T09:50:56 IST" duration-ms="438" status="PASS">
          <reporter-output>
          </reporter-output>
        </test-method> <!-- openTheURL -->
        <test-method signature="toVerifyWorkScheduled()[pri:0, instance:TestPack.testNgClass2@52af26ee]" started-at="2022-02-14T09:50:56 IST" name="toVerifyWorkScheduled" finished-at="2022-02-14T09:50:57 IST" duration-ms="702" status="PASS">
          <reporter-output>
          </reporter-output>
        </test-method> <!-- toVerifyWorkScheduled -->
        <test-method is-config="true" signature="logOutFromApplication()[pri:0, instance:TestPack.testNgClass2@52af26ee]" started-at="2022-02-14T09:50:57 IST" name="logOutFromApplication" finished-at="2022-02-14T09:50:57 IST" duration-ms="213" status="PASS">
          <reporter-output>
          </reporter-output>
        </test-method> <!-- logOutFromApplication -->
        <test-method is-config="true" signature="clearPomObjects()[pri:0, instance:TestPack.testNgClass2@52af26ee]" started-at="2022-02-14T09:50:57 IST" name="clearPomObjects" finished-at="2022-02-14T09:50:57 IST" duration-ms="0" status="PASS">
          <reporter-output>
          </reporter-output>
        </test-method> <!-- clearPomObjects -->
        <test-method is-config="true" signature="closeTheBrowser()[pri:0, instance:TestPack.testNgClass2@52af26ee]" started-at="2022-02-14T09:50:57 IST" name="closeTheBrowser" finished-at="2022-02-14T09:50:57 IST" duration-ms="90" status="PASS">
          <reporter-output>
          </reporter-output>
        </test-method> <!-- closeTheBrowser -->
      </class> <!-- TestPack.testNgClass2 -->
      <class name="TestPack.testNgClass1">
        <test-method is-config="true" signature="launchTheBrowser(java.lang.String)[pri:0, instance:TestPack.testNgClass1@74751b3]" started-at="2022-02-14T09:50:34 IST" name="launchTheBrowser" finished-at="2022-02-14T09:50:35 IST" duration-ms="1169" status="PASS">
          <params>
            <param index="0">
              <value>
                <![CDATA[microsoft]]>
              </value>
            </param>
          </params>
          <reporter-output>
          </reporter-output>
        </test-method> <!-- launchTheBrowser -->
        <test-method is-config="true" signature="createPOMobjects()[pri:0, instance:TestPack.testNgClass1@74751b3]" started-at="2022-02-14T09:50:39 IST" name="createPOMobjects" finished-at="2022-02-14T09:50:39 IST" duration-ms="1" status="PASS">
          <reporter-output>
          </reporter-output>
        </test-method> <!-- createPOMobjects -->
        <test-method is-config="true" signature="openTheURL()[pri:0, instance:TestPack.testNgClass1@74751b3]" started-at="2022-02-14T09:50:39 IST" name="openTheURL" finished-at="2022-02-14T09:50:43 IST" duration-ms="3244" status="PASS">
          <reporter-output>
          </reporter-output>
        </test-method> <!-- openTheURL -->
        <test-method signature="toVerifyReportsButton()[pri:0, instance:TestPack.testNgClass1@74751b3]" started-at="2022-02-14T09:50:43 IST" name="toVerifyReportsButton" finished-at="2022-02-14T09:50:48 IST" duration-ms="5595" status="PASS">
          <reporter-output>
          </reporter-output>
        </test-method> <!-- toVerifyReportsButton -->
        <test-method is-config="true" signature="logOutFromApplication()[pri:0, instance:TestPack.testNgClass1@74751b3]" started-at="2022-02-14T09:50:48 IST" name="logOutFromApplication" finished-at="2022-02-14T09:50:48 IST" duration-ms="107" status="PASS">
          <reporter-output>
          </reporter-output>
        </test-method> <!-- logOutFromApplication -->
        <test-method is-config="true" signature="openTheURL()[pri:0, instance:TestPack.testNgClass1@74751b3]" started-at="2022-02-14T09:50:48 IST" name="openTheURL" finished-at="2022-02-14T09:50:49 IST" duration-ms="239" status="PASS">
          <reporter-output>
          </reporter-output>
        </test-method> <!-- openTheURL -->
        <test-method signature="toVerifyTaskButton()[pri:0, instance:TestPack.testNgClass1@74751b3]" started-at="2022-02-14T09:50:49 IST" name="toVerifyTaskButton" finished-at="2022-02-14T09:50:50 IST" duration-ms="1005" status="PASS">
          <reporter-output>
          </reporter-output>
        </test-method> <!-- toVerifyTaskButton -->
        <test-method is-config="true" signature="logOutFromApplication()[pri:0, instance:TestPack.testNgClass1@74751b3]" started-at="2022-02-14T09:50:50 IST" name="logOutFromApplication" finished-at="2022-02-14T09:50:50 IST" duration-ms="133" status="PASS">
          <reporter-output>
          </reporter-output>
        </test-method> <!-- logOutFromApplication -->
        <test-method is-config="true" signature="clearPomObject()[pri:0, instance:TestPack.testNgClass1@74751b3]" started-at="2022-02-14T09:50:50 IST" name="clearPomObject" finished-at="2022-02-14T09:50:50 IST" duration-ms="0" status="PASS">
          <reporter-output>
          </reporter-output>
        </test-method> <!-- clearPomObject -->
        <test-method is-config="true" signature="closeTheBrowser()[pri:0, instance:TestPack.testNgClass1@74751b3]" started-at="2022-02-14T09:50:57 IST" name="closeTheBrowser" finished-at="2022-02-14T09:50:57 IST" duration-ms="354" status="PASS">
          <reporter-output>
          </reporter-output>
        </test-method> <!-- closeTheBrowser -->
      </class> <!-- TestPack.testNgClass1 -->
    </test> <!-- EdgeTest -->
  </suite> <!-- Suite -->
</testng-results>
