<?xml version="1.0" encoding="UTF-8"?>
<!-- Generated by org.testng.reporters.JUnitXMLReporter -->
<testsuite ignored="0" hostname="DESKTOP-MB88GO5" failures="0" tests="4" name="ChromeTest" time="24.484" errors="0" timestamp="2022-02-14T09:50:34 IST">
  <testcase classname="TestPack.testNgClass1" name="toVerifyReportsButton" time="4.435"/>
  <testcase classname="TestPack.testNgClass1" name="toVerifyTaskButton" time="1.055"/>
  <testcase classname="TestPack.testNgClass2" name="toVerifyTaskUsers" time="3.731"/>
  <testcase classname="TestPack.testNgClass2" name="toVerifyWorkScheduled" time="0.507"/>
</testsuite> <!-- ChromeTest -->
