<?xml version="1.0" encoding="UTF-8"?>
<!-- Generated by org.testng.reporters.JUnitXMLReporter -->
<testsuite ignored="0" hostname="DESKTOP-MB88GO5" failures="0" tests="4" name="EdgeTest" time="23.348" errors="0" timestamp="2022-02-14T09:50:57 IST">
  <testcase classname="TestPack.testNgClass1" name="toVerifyReportsButton" time="5.595"/>
  <testcase classname="TestPack.testNgClass1" name="toVerifyTaskButton" time="1.005"/>
  <testcase classname="TestPack.testNgClass2" name="toVerifyTaskUsers" time="4.949"/>
  <testcase classname="TestPack.testNgClass2" name="toVerifyWorkScheduled" time="0.702"/>
</testsuite> <!-- EdgeTest -->
