<?xml version="1.0" encoding="UTF-8"?>
<!-- Generated by org.testng.reporters.JUnitXMLReporter -->
<testsuite ignored="0" hostname="DESKTOP-MB88GO5" failures="0" tests="4" name="Test" time="13.189" errors="0" timestamp="2022-02-11T13:41:21 IST">
  <testcase classname="TestPack.testNgClass1" name="toVerifyReportsButton" time="1.778"/>
  <testcase classname="TestPack.testNgClass1" name="toVerifyTaskButton" time="0.624"/>
  <testcase classname="TestPack.testNgClass2" name="toVerifyTaskUsers" time="1.734"/>
  <testcase classname="TestPack.testNgClass2" name="toVerifyWorkScheduled" time="0.463"/>
</testsuite> <!-- Test -->
